0 info it worked if it ends with ok
1 verbose cli [ 'C:\\Program Files\\nodejs\\node.exe',
1 verbose cli   'C:\\Users\\snekha\\AppData\\Roaming\\npm\\node_modules\\npm\\bin\\npm-cli.js',
1 verbose cli   'run',
1 verbose cli   'dev' ]
2 info using npm@3.10.8
3 info using node@v4.5.0
4 verbose run-script [ 'predev', 'dev', 'postdev' ]
5 info lifecycle MyApp@0.0.1~predev: MyApp@0.0.1
6 silly lifecycle MyApp@0.0.1~predev: no script for predev, continuing
7 info lifecycle MyApp@0.0.1~dev: MyApp@0.0.1
8 verbose lifecycle MyApp@0.0.1~dev: unsafe-perm in lifecycle true
9 verbose lifecycle MyApp@0.0.1~dev: PATH: C:\Users\snekha\AppData\Roaming\npm\node_modules\npm\bin\node-gyp-bin;C:\mytodo\node_modules\.bin;C:\Program Files (x86)\Intel\iCLS Client\;C:\Program Files\Intel\iCLS Client\;C:\WINDOWS\system32;C:\WINDOWS;C:\WINDOWS\System32\Wbem;C:\WINDOWS\System32\WindowsPowerShell\v1.0\;C:\Program Files\Hewlett-Packard\SimplePass\;C:\Program Files\Intel\Intel(R) Management Engine Components\DAL;C:\Program Files (x86)\Intel\Intel(R) Management Engine Components\DAL;C:\Program Files\Intel\Intel(R) Management Engine Components\IPT;C:\Program Files (x86)\Intel\Intel(R) Management Engine Components\IPT;C:\Program Files\Git\cmd;C:\Program Files\nodejs\;C:\Program Files\MongoDB\Server\3.2\bin;C:\Program Files\Sublime Text 3\;C:\WINDOWS\system32\Npcap;C:\Users\snekha\AppData\Roaming\npm;C:\Program Files\Git\;C:\Program Files\MongoDB\Server\3.2\bin\;C:\Program Files\MongoDB\Server\3.2\data;C:\Program Files\MongoDB\Server\3.2\data\db\;C:\Program Files\MongoDB\Server\3.2\bin\
10 verbose lifecycle MyApp@0.0.1~dev: CWD: C:\mytodo
11 silly lifecycle MyApp@0.0.1~dev: Args: [ '/d /s /c', 'concurrently "npm start" "gulp"' ]
12 silly lifecycle MyApp@0.0.1~dev: Returned: code: 1  signal: null
13 info lifecycle MyApp@0.0.1~dev: Failed to exec dev script
14 verbose stack Error: MyApp@0.0.1 dev: `concurrently "npm start" "gulp"`
14 verbose stack Exit status 1
14 verbose stack     at EventEmitter.<anonymous> (C:\Users\snekha\AppData\Roaming\npm\node_modules\npm\lib\utils\lifecycle.js:255:16)
14 verbose stack     at emitTwo (events.js:87:13)
14 verbose stack     at EventEmitter.emit (events.js:172:7)
14 verbose stack     at ChildProcess.<anonymous> (C:\Users\snekha\AppData\Roaming\npm\node_modules\npm\lib\utils\spawn.js:40:14)
14 verbose stack     at emitTwo (events.js:87:13)
14 verbose stack     at ChildProcess.emit (events.js:172:7)
14 verbose stack     at maybeClose (internal/child_process.js:829:16)
14 verbose stack     at Process.ChildProcess._handle.onexit (internal/child_process.js:211:5)
15 verbose pkgid MyApp@0.0.1
16 verbose cwd C:\mytodo
17 error Windows_NT 6.3.9600
18 error argv "C:\\Program Files\\nodejs\\node.exe" "C:\\Users\\snekha\\AppData\\Roaming\\npm\\node_modules\\npm\\bin\\npm-cli.js" "run" "dev"
19 error node v4.5.0
20 error npm  v3.10.8
21 error code ELIFECYCLE
22 error MyApp@0.0.1 dev: `concurrently "npm start" "gulp"`
22 error Exit status 1
23 error Failed at the MyApp@0.0.1 dev script 'concurrently "npm start" "gulp"'.
23 error Make sure you have the latest version of node.js and npm installed.
23 error If you do, this is most likely a problem with the MyApp package,
23 error not with npm itself.
23 error Tell the author that this fails on your system:
23 error     concurrently "npm start" "gulp"
23 error You can get information on how to open an issue for this project with:
23 error     npm bugs MyApp
23 error Or if that isn't available, you can get their info via:
23 error     npm owner ls MyApp
23 error There is likely additional logging output above.
24 verbose exit [ 1, true ]
